Info: Nothing to build for clase2-1
00:26:33 **** Clean-only build of configuration Debug for project clase2-1 ****
rm -rf src/clase2-1.o clase2-1.exe src/clase2-1.d 
00:26:33 **** Clean-only build of configuration Debug for project clase3 ****
make clean 
Cannot run program "make": Launching failed

Error: Program "make" not found in PATH
PATH=[C:/Program Files/Java/jre1.8.0_221/bin/server;C:/Program Files/Java/jre1.8.0_221/bin;C:/Program Files/Java/jre1.8.0_221/lib/amd64;C:\Program Files (x86)\Common Files\Oracle\Java\javapath;C:\Windows\system32;C:\Windows;C:\Windows\System32\Wbem;C:\Windows\System32\WindowsPowerShell\v1.0\;C:\Program Files (x86)\NVIDIA Corporation\PhysX\Common;C:\Program Files\Java\jdk-10.0.2\bin;C:\Program Files\Git\cmd;C:\MinGW\bin;C:\Windows\system32]
00:26:51 **** Clean-only build of configuration Debug for project clase2-1 ****
rm -rf src/clase2-1.o clase2-1.exe src/clase2-1.d 
00:26:51 **** Clean-only build of configuration Debug for project clase3 ****
make clean 
Cannot run program "make": Launching failed

Error: Program "make" not found in PATH
PATH=[C:/Program Files/Java/jre1.8.0_221/bin/server;C:/Program Files/Java/jre1.8.0_221/bin;C:/Program Files/Java/jre1.8.0_221/lib/amd64;C:\Program Files (x86)\Common Files\Oracle\Java\javapath;C:\Windows\system32;C:\Windows;C:\Windows\System32\Wbem;C:\Windows\System32\WindowsPowerShell\v1.0\;C:\Program Files (x86)\NVIDIA Corporation\PhysX\Common;C:\Program Files\Java\jdk-10.0.2\bin;C:\Program Files\Git\cmd;C:\MinGW\bin;C:\Windows\system32]
00:33:33 **** Rebuild of configuration Debug for project clase2-1 ****
Info: Internal Builder is used for build
gcc -O0 -g3 -Wall -c -fmessage-length=0 -o "src\\clase2-1.o" "..\\src\\clase2-1.c" 
gcc -o clase2-1.exe "src\\clase2-1.o" 
00:33:33 **** Build of configuration Debug for project clase3 ****
make all 
Cannot run program "make": Launching failed

Error: Program "make" not found in PATH
PATH=[C:/Program Files/Java/jre1.8.0_221/bin/server;C:/Program Files/Java/jre1.8.0_221/bin;C:/Program Files/Java/jre1.8.0_221/lib/amd64;C:\Program Files (x86)\Common Files\Oracle\Java\javapath;C:\Windows\system32;C:\Windows;C:\Windows\System32\Wbem;C:\Windows\System32\WindowsPowerShell\v1.0\;C:\Program Files (x86)\NVIDIA Corporation\PhysX\Common;C:\Program Files\Java\jdk-10.0.2\bin;C:\Program Files\Git\cmd;C:\MinGW\bin;C:\Windows\system32]
Info: Nothing to build for clase2-1
00:38:56 **** Rebuild of configuration Debug for project clase3 ****
Info: Internal Builder is used for build
gcc -O0 -g3 -Wall -c -fmessage-length=0 -o "src\\clase3.o" "..\\src\\clase3.c" 
..\src\clase3.c: In function 'main':
..\src\clase3.c:26:59: warning: format '%d' expects argument of type 'int', but argument 4 has type 'double' [-Wformat=]
   printf("El maximo es %d el minimo es %d el promedio es %d", maximo, minimo, promedio);
                                                          ~^                   ~~~~~~~~
                                                          %f
gcc -o clase3.exe "src\\clase3.o" 
Info: Nothing to build for clase2-1
Info: Nothing to build for clase3
Info: Nothing to build for clase2-1
00:40:38 **** Incremental Build of configuration Debug for project clase3 ****
Info: Internal Builder is used for build
gcc -O0 -g3 -Wall -c -fmessage-length=0 -o "src\\clase3.o" "..\\src\\clase3.c" 
gcc -o clase3.exe "src\\clase3.o" 
Info: Nothing to build for clase2-1
00:58:38 **** Incremental Build of configuration Debug for project clase3 ****
Info: Internal Builder is used for build
gcc -O0 -g3 -Wall -c -fmessage-length=0 -o "src\\clase3.o" "..\\src\\clase3.c" 
gcc -o clase3.exe "src\\clase3.o" 
19:26:34 **** Build of configuration Debug for project clase5 ****
make all 
Building file: ../src/clase5.c
Invoking: GCC C Compiler
gcc -O0 -g3 -Wall -c -fmessage-length=0 -MMD -MP -MF"src/clase5.d" -MT"src/clase5.o" -o "src/clase5.o" "../src/clase5.c"
Finished building: ../src/clase5.c
 
Building target: clase5
Invoking: GCC C Linker
gcc  -o "clase5"  ./src/clase5.o   
Finished building target: clase5
 
19:26:41 **** Incremental Build of configuration Debug for project clase5 ****
make all 
make: No se hace nada para 'all'.
19:23:54 **** Build of configuration Debug for project clase6 ****
make all 
Building file: ../src/clase6.c
Invoking: GCC C Compiler
gcc -O0 -g3 -Wall -c -fmessage-length=0 -MMD -MP -MF"src/clase6.d" -MT"src/clase6.o" -o "src/clase6.o" "../src/clase6.c"
../src/clase6.c: In function ‘burbuja’:
../src/clase6.c:211:4: warning: this ‘if’ clause does not guard... [-Wmisleading-indentation]
    if(array[i] < array[i+1])
    ^~
../src/clase6.c:213:5: note: ...this statement, but the latter is misleadingly indented as if it is guarded by the ‘if’
     array[i] = array[i+1];
     ^~~~~
../src/clase6.c:218:1: warning: control reaches end of non-void function [-Wreturn-type]
 }
 ^
Finished building: ../src/clase6.c
 
Building target: clase6
Invoking: GCC C Linker
gcc  -o "clase6"  ./src/clase6.o   
Finished building target: clase6
 
19:24:02 **** Incremental Build of configuration Debug for project clase6 ****
make all 
make: No se hace nada para 'all'.
19:27:37 **** Incremental Build of configuration Debug for project clase6 ****
make all 
Building file: ../src/clase6.c
Invoking: GCC C Compiler
gcc -O0 -g3 -Wall -c -fmessage-length=0 -MMD -MP -MF"src/clase6.d" -MT"src/clase6.o" -o "src/clase6.o" "../src/clase6.c"
../src/clase6.c: In function ‘burbuja’:
../src/clase6.c:211:4: warning: this ‘if’ clause does not guard... [-Wmisleading-indentation]
    if(array[i] < array[i+1])
    ^~
../src/clase6.c:213:5: note: ...this statement, but the latter is misleadingly indented as if it is guarded by the ‘if’
     array[i] = array[i+1];
     ^~~~~
../src/clase6.c:218:1: warning: control reaches end of non-void function [-Wreturn-type]
 }
 ^
Finished building: ../src/clase6.c
 
Building target: clase6
Invoking: GCC C Linker
gcc  -o "clase6"  ./src/clase6.o   
Finished building target: clase6
 
19:28:14 **** Incremental Build of configuration Debug for project clase6 ****
make all 
Building file: ../src/clase6.c
Invoking: GCC C Compiler
gcc -O0 -g3 -Wall -c -fmessage-length=0 -MMD -MP -MF"src/clase6.d" -MT"src/clase6.o" -o "src/clase6.o" "../src/clase6.c"
../src/clase6.c: In function ‘burbuja’:
../src/clase6.c:219:1: warning: control reaches end of non-void function [-Wreturn-type]
 }
 ^
Finished building: ../src/clase6.c
 
Building target: clase6
Invoking: GCC C Linker
gcc  -o "clase6"  ./src/clase6.o   
Finished building target: clase6
 
19:28:18 **** Incremental Build of configuration Debug for project clase6 ****
make all 
make: No se hace nada para 'all'.
19:28:32 **** Incremental Build of configuration Debug for project clase6 ****
make all 
Building file: ../src/clase6.c
Invoking: GCC C Compiler
gcc -O0 -g3 -Wall -c -fmessage-length=0 -MMD -MP -MF"src/clase6.d" -MT"src/clase6.o" -o "src/clase6.o" "../src/clase6.c"
../src/clase6.c: In function ‘burbuja’:
../src/clase6.c:219:1: warning: control reaches end of non-void function [-Wreturn-type]
 }
 ^
Finished building: ../src/clase6.c
 
Building target: clase6
Invoking: GCC C Linker
gcc  -o "clase6"  ./src/clase6.o   
Finished building target: clase6
 
20:04:33 **** Incremental Build of configuration Debug for project clase6 ****
make all 
Building file: ../src/clase6.c
Invoking: GCC C Compiler
gcc -O0 -g3 -Wall -c -fmessage-length=0 -MMD -MP -MF"src/clase6.d" -MT"src/clase6.o" -o "src/clase6.o" "../src/clase6.c"
Finished building: ../src/clase6.c
 
Building target: clase6
Invoking: GCC C Linker
gcc  -o "clase6"  ./src/clase6.o   
Finished building target: clase6
 
20:05:36 **** Incremental Build of configuration Debug for project clase6 ****
make all 
make: No se hace nada para 'all'.
20:05:40 **** Incremental Build of configuration Debug for project clase6 ****
make all 
make: No se hace nada para 'all'.
20:16:52 **** Incremental Build of configuration Debug for project clase6 ****
make all 
Building file: ../src/clase6.c
Invoking: GCC C Compiler
gcc -O0 -g3 -Wall -c -fmessage-length=0 -MMD -MP -MF"src/clase6.d" -MT"src/clase6.o" -o "src/clase6.o" "../src/clase6.c"
Finished building: ../src/clase6.c
 
Building target: clase6
Invoking: GCC C Linker
gcc  -o "clase6"  ./src/clase6.o   
Finished building target: clase6
 
21:20:42 **** Incremental Build of configuration Debug for project clase6 ****
make all 
Building file: ../src/clase6.c
Invoking: GCC C Compiler
gcc -O0 -g3 -Wall -c -fmessage-length=0 -MMD -MP -MF"src/clase6.d" -MT"src/clase6.o" -o "src/clase6.o" "../src/clase6.c"
../src/clase6.c: In function ‘getSring’:
../src/clase6.c:270:10: warning: implicit declaration of function ‘strlen’ [-Wimplicit-function-declaration]
   buffer[strlen(buffer)-1] = '\0';
          ^~~~~~
../src/clase6.c:270:10: warning: incompatible implicit declaration of built-in function ‘strlen’
../src/clase6.c:270:10: note: include ‘<string.h>’ or provide a declaration of ‘strlen’
../src/clase6.c:271:12: error: array subscript is not an integer
src/subdir.mk:18: fallo en las instrucciones para el objetivo 'src/clase6.o'
   if(strlen[buffer]<=maximo && strlen[buffer]>=minimo)
            ^
../src/clase6.c:271:38: error: array subscript is not an integer
   if(strlen[buffer]<=maximo && strlen[buffer]>=minimo)
                                      ^
../src/clase6.c:273:4: warning: implicit declaration of function ‘strncpy’ [-Wimplicit-function-declaration]
    strncpy(pResultado, buffer, maximo+1)
    ^~~~~~~
../src/clase6.c:273:4: warning: incompatible implicit declaration of built-in function ‘strncpy’
../src/clase6.c:273:4: note: include ‘<string.h>’ or provide a declaration of ‘strncpy’
../src/clase6.c:274:4: error: expected ‘;’ before ‘retorno’
    retorno = 0;
    ^~~~~~~
../src/clase6.c:280:2: error: expected declaration or statement at end of input
  return retorno;
  ^~~~~~
make: *** [src/clase6.o] Error 1
"make all" terminated with exit code 2. Build might be incomplete.
21:29:18 **** Incremental Build of configuration Debug for project clase6 ****
make all 
Building file: ../src/clase6.c
Invoking: GCC C Compiler
gcc -O0 -g3 -Wall -c -fmessage-length=0 -MMD -MP -MF"src/clase6.d" -MT"src/clase6.o" -o "src/clase6.o" "../src/clase6.c"
../src/clase6.c: In function ‘getString’:
../src/clase6.c:274:12: warning: implicit declaration of function ‘strlen’ [-Wimplicit-function-declaration]
     buffer[strlen(buffer)-1] = '\0';
            ^~~~~~
../src/clase6.c:274:12: warning: incompatible implicit declaration of built-in function ‘strlen’
../src/clase6.c:274:12: note: include ‘<string.h>’ or provide a declaration of ‘strlen’
../src/clase6.c:277:6: warning: implicit declaration of function ‘strncpy’ [-Wimplicit-function-declaration]
      strncpy(pResultado,buffer,maximo+1);
      ^~~~~~~
../src/clase6.c:277:6: warning: incompatible implicit declaration of built-in function ‘strncpy’
../src/clase6.c:277:6: note: include ‘<string.h>’ or provide a declaration of ‘strncpy’
Finished building: ../src/clase6.c
 
Building target: clase6
Invoking: GCC C Linker
gcc  -o "clase6"  ./src/clase6.o   
Finished building target: clase6
 
00:03:23 **** Build of configuration Debug for project clase6 ****
make all 
Building file: ../src/clase6.c
Invoking: GCC C Compiler
gcc -O0 -g3 -Wall -c -fmessage-length=0 -MMD -MP -MF"src/clase6.d" -MT"src/clase6.d" -o "src/clase6.o" "../src/clase6.c"
../src/clase6.c: In function ‘insercion’:
../src/clase6.c:237:18: error: expected ‘;’ before ‘)’ token
  for(i=1;i<limite)
                  ^
../src/clase6.c: In function ‘getString’:
../src/clase6.c:282:5: warning: implicit declaration of function ‘strlen’ [-Wimplicit-function-declaration]
     buffer[strlen(buffer)-1] = '\0';
     ^
../src/clase6.c:282:12: warning: incompatible implicit declaration of built-in function ‘strlen’ [enabled by default]
     buffer[strlen(buffer)-1] = '\0';
            ^
../src/clase6.c:285:6: warning: implicit declaration of function ‘strncpy’ [-Wimplicit-function-declaration]
      strncpy(pResultado,buffer,maximo+1);
      ^
../src/clase6.c:285:6: warning: incompatible implicit declaration of built-in function ‘strncpy’ [enabled by default]
make: *** [src/clase6.o] Error 1
00:16:19 **** Incremental Build of configuration Debug for project clase6 ****
make all 
Building file: ../src/clase6.c
Invoking: GCC C Compiler
gcc -O0 -g3 -Wall -c -fmessage-length=0 -MMD -MP -MF"src/clase6.d" -MT"src/clase6.d" -o "src/clase6.o" "../src/clase6.c"
../src/clase6.c: In function ‘insercion’:
../src/clase6.c:237:18: error: expected ‘;’ before ‘)’ token
  for(i=1;i<limite)
                  ^
../src/clase6.c: In function ‘getString’:
../src/clase6.c:282:5: warning: implicit declaration of function ‘strlen’ [-Wimplicit-function-declaration]
     buffer[strlen(buffer)-1] = '\0';
     ^
../src/clase6.c:282:12: warning: incompatible implicit declaration of built-in function ‘strlen’ [enabled by default]
     buffer[strlen(buffer)-1] = '\0';
            ^
../src/clase6.c:285:6: warning: implicit declaration of function ‘strncpy’ [-Wimplicit-function-declaration]
      strncpy(pResultado,buffer,maximo+1);
      ^
../src/clase6.c:285:6: warning: incompatible implicit declaration of built-in function ‘strncpy’ [enabled by default]
make: *** [src/clase6.o] Error 1
00:16:26 **** Incremental Build of configuration Debug for project clase6 ****
make all 
Building file: ../src/clase6.c
Invoking: GCC C Compiler
gcc -O0 -g3 -Wall -c -fmessage-length=0 -MMD -MP -MF"src/clase6.d" -MT"src/clase6.d" -o "src/clase6.o" "../src/clase6.c"
../src/clase6.c: In function ‘getString’:
../src/clase6.c:275:5: warning: implicit declaration of function ‘strlen’ [-Wimplicit-function-declaration]
     buffer[strlen(buffer)-1] = '\0';
     ^
../src/clase6.c:275:12: warning: incompatible implicit declaration of built-in function ‘strlen’ [enabled by default]
     buffer[strlen(buffer)-1] = '\0';
            ^
../src/clase6.c:278:6: warning: implicit declaration of function ‘strncpy’ [-Wimplicit-function-declaration]
      strncpy(pResultado,buffer,maximo+1);
      ^
../src/clase6.c:278:6: warning: incompatible implicit declaration of built-in function ‘strncpy’ [enabled by default]
Finished building: ../src/clase6.c
 
Building target: clase6
Invoking: GCC C Linker
gcc  -o "clase6"  ./src/clase6.o   
Finished building target: clase6
 
00:17:19 **** Clean-only build of configuration Debug for project clase6 ****
make clean 
rm -rf  ./src/clase6.o  ./src/clase6.d  clase6
 
00:17:23 **** Build of configuration Debug for project clase6 ****
make all 
Building file: ../src/clase6.c
Invoking: GCC C Compiler
gcc -O0 -g3 -Wall -c -fmessage-length=0 -MMD -MP -MF"src/clase6.d" -MT"src/clase6.d" -o "src/clase6.o" "../src/clase6.c"
../src/clase6.c: In function ‘getString’:
../src/clase6.c:275:5: warning: implicit declaration of function ‘strlen’ [-Wimplicit-function-declaration]
     buffer[strlen(buffer)-1] = '\0';
     ^
../src/clase6.c:275:12: warning: incompatible implicit declaration of built-in function ‘strlen’ [enabled by default]
     buffer[strlen(buffer)-1] = '\0';
            ^
../src/clase6.c:278:6: warning: implicit declaration of function ‘strncpy’ [-Wimplicit-function-declaration]
      strncpy(pResultado,buffer,maximo+1);
      ^
../src/clase6.c:278:6: warning: incompatible implicit declaration of built-in function ‘strncpy’ [enabled by default]
Finished building: ../src/clase6.c
 
Building target: clase6
Invoking: GCC C Linker
gcc  -o "clase6"  ./src/clase6.o   
Finished building target: clase6
 
00:18:34 **** Incremental Build of configuration Debug for project clase6 ****
make all 
make: Nothing to be done for `all'.
00:23:30 **** Clean-only build of configuration Debug for project clase6 ****
make clean 
rm -rf  ./src/clase6.o  ./src/clase6.d  clase6
 
00:23:46 **** Build of configuration Debug for project clase6 ****
make all 
Building file: ../src/clase6.c
Invoking: GCC C Compiler
gcc -O0 -g3 -Wall -c -fmessage-length=0 -MMD -MP -MF"src/clase6.d" -MT"src/clase6.d" -o "src/clase6.o" "../src/clase6.c"
../src/clase6.c: In function ‘main’:
../src/clase6.c:49:7: warning: unused variable ‘nombre’ [-Wunused-variable]
  char nombre[20];
       ^
../src/clase6.c: In function ‘getString’:
../src/clase6.c:275:5: warning: implicit declaration of function ‘strlen’ [-Wimplicit-function-declaration]
     buffer[strlen(buffer)-1] = '\0';
     ^
../src/clase6.c:275:12: warning: incompatible implicit declaration of built-in function ‘strlen’ [enabled by default]
     buffer[strlen(buffer)-1] = '\0';
            ^
../src/clase6.c:278:6: warning: implicit declaration of function ‘strncpy’ [-Wimplicit-function-declaration]
      strncpy(pResultado,buffer,maximo+1);
      ^
../src/clase6.c:278:6: warning: incompatible implicit declaration of built-in function ‘strncpy’ [enabled by default]
Finished building: ../src/clase6.c
 
Building target: clase6
Invoking: GCC C Linker
gcc  -o "clase6"  ./src/clase6.o   
Finished building target: clase6
 
00:25:13 **** Incremental Build of configuration Debug for project clase6 ****
make all 
make: Nothing to be done for `all'.
00:33:58 **** Incremental Build of configuration Debug for project clase6 ****
make all 
make: Nothing to be done for `all'.
00:34:31 **** Incremental Build of configuration Debug for project clase6 ****
make all 
Building file: ../src/clase6.c
Invoking: GCC C Compiler
gcc -O0 -g3 -Wall -c -fmessage-length=0 -MMD -MP -MF"src/clase6.d" -MT"src/clase6.d" -o "src/clase6.o" "../src/clase6.c"
../src/clase6.c: In function ‘main’:
../src/clase6.c:49:7: warning: unused variable ‘nombre’ [-Wunused-variable]
  char nombre[20];
       ^
../src/clase6.c: In function ‘getString’:
../src/clase6.c:275:5: warning: implicit declaration of function ‘strlen’ [-Wimplicit-function-declaration]
     buffer[strlen(buffer)-1] = '\0';
     ^
../src/clase6.c:275:12: warning: incompatible implicit declaration of built-in function ‘strlen’ [enabled by default]
     buffer[strlen(buffer)-1] = '\0';
            ^
../src/clase6.c:278:6: warning: implicit declaration of function ‘strncpy’ [-Wimplicit-function-declaration]
      strncpy(pResultado,buffer,maximo+1);
      ^
../src/clase6.c:278:6: warning: incompatible implicit declaration of built-in function ‘strncpy’ [enabled by default]
Finished building: ../src/clase6.c
 
Building target: clase6
Invoking: GCC C Linker
gcc  -o "clase6"  ./src/clase6.o   
Finished building target: clase6
 
00:34:41 **** Incremental Build of configuration Debug for project clase6 ****
make all 
make: Nothing to be done for `all'.
00:37:41 **** Incremental Build of configuration Debug for project clase6 ****
make all 
make: Nothing to be done for `all'.
00:43:54 **** Incremental Build of configuration Debug for project clase6 ****
make all 
Building file: ../src/clase6.c
Invoking: GCC C Compiler
gcc -O0 -g3 -Wall -c -fmessage-length=0 -MMD -MP -MF"src/clase6.d" -MT"src/clase6.d" -o "src/clase6.o" "../src/clase6.c"
../src/clase6.c: In function ‘main’:
../src/clase6.c:49:7: warning: unused variable ‘nombre’ [-Wunused-variable]
  char nombre[20];
       ^
../src/clase6.c: In function ‘getString’:
../src/clase6.c:276:5: warning: implicit declaration of function ‘strlen’ [-Wimplicit-function-declaration]
     buffer[strlen(buffer)-1] = '\0';
     ^
../src/clase6.c:276:12: warning: incompatible implicit declaration of built-in function ‘strlen’ [enabled by default]
     buffer[strlen(buffer)-1] = '\0';
            ^
../src/clase6.c:279:6: warning: implicit declaration of function ‘strncpy’ [-Wimplicit-function-declaration]
      strncpy(pResultado,buffer,maximo+1);
      ^
../src/clase6.c:279:6: warning: incompatible implicit declaration of built-in function ‘strncpy’ [enabled by default]
Finished building: ../src/clase6.c
 
Building target: clase6
Invoking: GCC C Linker
gcc  -o "clase6"  ./src/clase6.o   
Finished building target: clase6
 
20:57:39 **** Rebuild of configuration Debug for project miBiblioteca ****
Info: Internal Builder is used for build
gcc -O0 -g3 -Wall -c -fmessage-length=0 -o "src\\utn.o" "..\\src\\utn.c" 
gcc -O0 -g3 -Wall -c -fmessage-length=0 -o "src\\miBiblioteca.o" "..\\src\\miBiblioteca.c" 
..\src\miBiblioteca.c: In function 'main':
..\src\miBiblioteca.c:21:15: warning: passing argument 1 of 'getString' from incompatible pointer type [-Wincompatible-pointer-types]
  if(getString(&resultado,"Ingrese su nombre?\n","Error\n",2,50,2)==0)
               ^~~~~~~~~~
In file included from ..\src\miBiblioteca.c:13:
..\src\utn.h:34:22: note: expected 'char *' but argument is of type 'char (*)[60]'
 int getString (char *resultado,
                ~~~~~~^~~~~~~~~
gcc -o miBiblioteca.exe "src\\miBiblioteca.o" "src\\utn.o" 
Info: Nothing to build for miBiblioteca
21:09:05 **** Incremental Build of configuration Debug for project miBiblioteca ****
Info: Internal Builder is used for build
gcc -O0 -g3 -Wall -c -fmessage-length=0 -o "src\\miBiblioteca.o" "..\\src\\miBiblioteca.c" 
gcc -o miBiblioteca.exe "src\\miBiblioteca.o" "src\\utn.o" 
Info: Nothing to build for miBiblioteca
22:15:34 **** Build of configuration Debug for project clase5 ****
make all 
Cannot run program "make": Launching failed

Error: Program "make" not found in PATH
PATH=[C:/Program Files/Java/jre1.8.0_221/bin/server;C:/Program Files/Java/jre1.8.0_221/bin;C:/Program Files/Java/jre1.8.0_221/lib/amd64;C:\Program Files (x86)\Common Files\Oracle\Java\javapath;C:\Windows\system32;C:\Windows;C:\Windows\System32\Wbem;C:\Windows\System32\WindowsPowerShell\v1.0\;C:\Program Files (x86)\NVIDIA Corporation\PhysX\Common;C:\Program Files\Java\jdk-10.0.2\bin;C:\Program Files\Git\cmd;C:\MinGW\bin;C:\Users\gas\Desktop]
22:15:35 **** Incremental Build of configuration Debug for project miBiblioteca ****
Info: Internal Builder is used for build
gcc -O0 -g3 -Wall -c -fmessage-length=0 -o "src\\miBiblioteca.o" "..\\src\\miBiblioteca.c" 
gcc -O0 -g3 -Wall -c -fmessage-length=0 -o "src\\utn.o" "..\\src\\utn.c" 
gcc -o miBiblioteca.exe "src\\miBiblioteca.o" "src\\utn.o" 
22:15:55 **** Incremental Build of configuration Debug for project clase5 ****
make all 
Cannot run program "make": Launching failed

Error: Program "make" not found in PATH
PATH=[C:/Program Files/Java/jre1.8.0_221/bin/server;C:/Program Files/Java/jre1.8.0_221/bin;C:/Program Files/Java/jre1.8.0_221/lib/amd64;C:\Program Files (x86)\Common Files\Oracle\Java\javapath;C:\Windows\system32;C:\Windows;C:\Windows\System32\Wbem;C:\Windows\System32\WindowsPowerShell\v1.0\;C:\Program Files (x86)\NVIDIA Corporation\PhysX\Common;C:\Program Files\Java\jdk-10.0.2\bin;C:\Program Files\Git\cmd;C:\MinGW\bin;C:\Users\gas\Desktop]
Info: Nothing to build for miBiblioteca
22:18:54 **** Incremental Build of configuration Debug for project clase5 ****
make all 
Cannot run program "make": Launching failed

Error: Program "make" not found in PATH
PATH=[C:/Program Files/Java/jre1.8.0_221/bin/server;C:/Program Files/Java/jre1.8.0_221/bin;C:/Program Files/Java/jre1.8.0_221/lib/amd64;C:\Program Files (x86)\Common Files\Oracle\Java\javapath;C:\Windows\system32;C:\Windows;C:\Windows\System32\Wbem;C:\Windows\System32\WindowsPowerShell\v1.0\;C:\Program Files (x86)\NVIDIA Corporation\PhysX\Common;C:\Program Files\Java\jdk-10.0.2\bin;C:\Program Files\Git\cmd;C:\MinGW\bin;C:\Users\gas\Desktop]
Info: Nothing to build for miBiblioteca
22:19:45 **** Incremental Build of configuration Debug for project clase5 ****
make all 
Cannot run program "make": Launching failed

Error: Program "make" not found in PATH
PATH=[C:/Program Files/Java/jre1.8.0_221/bin/server;C:/Program Files/Java/jre1.8.0_221/bin;C:/Program Files/Java/jre1.8.0_221/lib/amd64;C:\Program Files (x86)\Common Files\Oracle\Java\javapath;C:\Windows\system32;C:\Windows;C:\Windows\System32\Wbem;C:\Windows\System32\WindowsPowerShell\v1.0\;C:\Program Files (x86)\NVIDIA Corporation\PhysX\Common;C:\Program Files\Java\jdk-10.0.2\bin;C:\Program Files\Git\cmd;C:\MinGW\bin;C:\Users\gas\Desktop]
22:22:11 **** Incremental Build of configuration Debug for project clase5 ****
make all 
Cannot run program "make": Launching failed

Error: Program "make" not found in PATH
PATH=[C:/Program Files/Java/jre1.8.0_221/bin/server;C:/Program Files/Java/jre1.8.0_221/bin;C:/Program Files/Java/jre1.8.0_221/lib/amd64;C:\Program Files (x86)\Common Files\Oracle\Java\javapath;C:\Windows\system32;C:\Windows;C:\Windows\System32\Wbem;C:\Windows\System32\WindowsPowerShell\v1.0\;C:\Program Files (x86)\NVIDIA Corporation\PhysX\Common;C:\Program Files\Java\jdk-10.0.2\bin;C:\Program Files\Git\cmd;C:\MinGW\bin;C:\Users\gas\Desktop]
22:23:48 **** Incremental Build of configuration Debug for project clase5 ****
make all 
Cannot run program "make": Launching failed

Error: Program "make" not found in PATH
PATH=[C:/Program Files/Java/jre1.8.0_221/bin/server;C:/Program Files/Java/jre1.8.0_221/bin;C:/Program Files/Java/jre1.8.0_221/lib/amd64;C:\Program Files (x86)\Common Files\Oracle\Java\javapath;C:\Windows\system32;C:\Windows;C:\Windows\System32\Wbem;C:\Windows\System32\WindowsPowerShell\v1.0\;C:\Program Files (x86)\NVIDIA Corporation\PhysX\Common;C:\Program Files\Java\jdk-10.0.2\bin;C:\Program Files\Git\cmd;C:\MinGW\bin;C:\Users\gas\Desktop]
22:25:57 **** Rebuild of configuration Debug for project clase5 ****
Info: Internal Builder is used for build
gcc -O0 -g3 -Wall -c -fmessage-length=0 -o "src\\utn.o" "..\\src\\utn.c" 
..\src\utn.c:10:10: fatal error: stdio_ext.h: No such file or directory
 #include <stdio_ext.h>
          ^~~~~~~~~~~~~
compilation terminated.
22:26:46 **** Incremental Build of configuration Debug for project clase5 ****
Info: Internal Builder is used for build
gcc -O0 -g3 -Wall -c -fmessage-length=0 -o "src\\clase5.o" "..\\src\\clase5.c" 
gcc -O0 -g3 -Wall -c -fmessage-length=0 -o "src\\utn.o" "..\\src\\utn.c" 
..\src\utn.c: In function 'getArrayInt':
..\src\utn.c:75:14: error: invalid type argument of unary '*' (have 'int')
    if(getInt(*buffer, mensaje, mensajeError, minimo, maximo, reintentos)==0)
              ^~~~~~~
..\src\utn.c:63:6: warning: unused variable 'retorno' [-Wunused-variable]
  int retorno = -1;
      ^~~~~~~
..\src\utn.c:87:1: warning: control reaches end of non-void function [-Wreturn-type]
 }
 ^
22:32:43 **** Incremental Build of configuration Debug for project clase5 ****
Info: Internal Builder is used for build
gcc -O0 -g3 -Wall -c -fmessage-length=0 -o "src\\utn.o" "..\\src\\utn.c" 
..\src\utn.c: In function 'getArrayInt':
..\src\utn.c:75:14: error: invalid type argument of unary '*' (have 'int')
    if(getInt(*buffer, mensaje, mensajeError, minimo, maximo, reintentos)==0)
              ^~~~~~~
..\src\utn.c:83:4: error: too few arguments to function 'getChar'
    getChar()
    ^~~~~~~
In file included from ..\src\utn.c:13:
..\src\utn.h:27:5: note: declared here
 int getChar( char *resultado,
     ^~~~~~~
..\src\utn.c:83:13: error: expected ';' before '}' token
    getChar()
             ^
             ;
   }while(respuesta=='s' && limite > 0);
   ~          
22:33:26 **** Incremental Build of configuration Debug for project clase5 ****
Info: Internal Builder is used for build
gcc -O0 -g3 -Wall -c -fmessage-length=0 -o "src\\utn.o" "..\\src\\utn.c" 
..\src\utn.c: In function 'getArrayInt':
..\src\utn.c:75:14: error: invalid type argument of unary '*' (have 'int')
    if(getInt(*buffer, mensaje, mensajeError, minimo, maximo, reintentos)==0)
              ^~~~~~~
..\src\utn.c:83:4: error: too few arguments to function 'getChar'
    getChar()
    ^~~~~~~
In file included from ..\src\utn.c:13:
..\src\utn.h:27:5: note: declared here
 int getChar( char *resultado,
     ^~~~~~~
..\src\utn.c:83:13: error: expected ';' before '}' token
    getChar()
             ^
             ;
   }while(respuesta=='s' && limite > 0);
   ~          
22:33:36 **** Incremental Build of configuration Debug for project clase5 ****
Info: Internal Builder is used for build
gcc -O0 -g3 -Wall -c -fmessage-length=0 -o "src\\utn.o" "..\\src\\utn.c" 
..\src\utn.c: In function 'getArrayInt':
..\src\utn.c:83:4: error: too few arguments to function 'getChar'
    getChar()
    ^~~~~~~
In file included from ..\src\utn.c:13:
..\src\utn.h:27:5: note: declared here
 int getChar( char *resultado,
     ^~~~~~~
..\src\utn.c:83:13: error: expected ';' before '}' token
    getChar()
             ^
             ;
   }while(respuesta=='s' && limite > 0);
   ~          
22:36:28 **** Incremental Build of configuration Debug for project clase5 ****
Info: Internal Builder is used for build
gcc -O0 -g3 -Wall -c -fmessage-length=0 -o "src\\utn.o" "..\\src\\utn.c" 
gcc -o clase5.exe "src\\clase5.o" "src\\utn.o" 
23:21:20 **** Incremental Build of configuration Debug for project clase5 ****
Info: Internal Builder is used for build
gcc -O0 -g3 -Wall -c -fmessage-length=0 -o "src\\clase5.o" "..\\src\\clase5.c" 
..\src\clase5.c: In function 'main':
..\src\clase5.c:20:23: warning: passing argument 2 of 'getArrayInt' makes pointer from integer without a cast [-Wint-conversion]
 #define QTY_EMPLEADOS 100
                       ^~~
..\src\clase5.c:27:50: note: in expansion of macro 'QTY_EMPLEADOS'
  cantidadEmpleados = getArrayInt(edadesEmpleados,QTY_EMPLEADOS,"Ingrese la edad", "ERROR", 0, 100, 2);
                                                  ^~~~~~~~~~~~~
In file included from ..\src\clase5.c:13:
..\src\utn.h:21:10: note: expected 'char *' but argument is of type 'int'
    char *mensaje,
    ~~~~~~^~~~~~~
..\src\clase5.c:27:83: warning: passing argument 4 of 'getArrayInt' makes integer from pointer without a cast [-Wint-conversion]
  cantidadEmpleados = getArrayInt(edadesEmpleados,QTY_EMPLEADOS,"Ingrese la edad", "ERROR", 0, 100, 2);
                                                                                   ^~~~~~~
In file included from ..\src\clase5.c:13:
..\src\utn.h:23:8: note: expected 'int' but argument is of type 'char *'
    int minimo,
    ~~~~^~~~~~
..\src\clase5.c:27:22: error: too many arguments to function 'getArrayInt'
  cantidadEmpleados = getArrayInt(edadesEmpleados,QTY_EMPLEADOS,"Ingrese la edad", "ERROR", 0, 100, 2);
                      ^~~~~~~~~~~
In file included from ..\src\clase5.c:13:
..\src\utn.h:20:5: note: declared here
 int getArrayInt( int *resultado,
     ^~~~~~~~~~~
23:23:09 **** Incremental Build of configuration Debug for project clase5 ****
Info: Internal Builder is used for build
gcc -O0 -g3 -Wall -c -fmessage-length=0 -o "src\\clase5.o" "..\\src\\clase5.c" 
gcc -O0 -g3 -Wall -c -fmessage-length=0 -o "src\\utn.o" "..\\src\\utn.c" 
..\src\utn.c: In function 'getArrayInt':
..\src\utn.c:68:3: error: 'resultado' undeclared (first use in this function)
   resultado != NULL &&
   ^~~~~~~~~
..\src\utn.c:68:3: note: each undeclared identifier is reported only once for each function it appears in
23:23:42 **** Incremental Build of configuration Debug for project clase5 ****
Info: Internal Builder is used for build
gcc -O0 -g3 -Wall -c -fmessage-length=0 -o "src\\utn.o" "..\\src\\utn.c" 
gcc -o clase5.exe "src\\clase5.o" "src\\utn.o" 
23:28:43 **** Incremental Build of configuration Debug for project clase5 ****
Info: Internal Builder is used for build
gcc -O0 -g3 -Wall -c -fmessage-length=0 -o "src\\utn.o" "..\\src\\utn.c" 
gcc -o clase5.exe "src\\clase5.o" "src\\utn.o" 
19:15:58 **** Build of configuration Debug for project clase7 ****
make all 
Building file: ../src/clase7.c
Invoking: GCC C Compiler
gcc -O0 -g3 -Wall -c -fmessage-length=0 -MMD -MP -MF"src/clase7.d" -MT"src/clase7.o" -o "src/clase7.o" "../src/clase7.c"
../src/clase7.c: In function ‘getString’:
../src/clase7.c:57:4: error: unknown type name ‘PURGAR’
    PURGAR
    ^~~~~~
../src/clase7.c:58:17: error: expected ‘)’ before ‘sizeof’
    fgets(buffer,sizeof(buffer),stdin);
                 ^~~~~~
../src/clase7.c:59:11: warning: implicit declaration of function ‘strlen’ [-Wimplicit-function-declaration]
    buffer[strlen(buffer)-1] = '\0';
           ^~~~~~
../src/clase7.c:59:11: warning: incompatible implicit declaration of built-in function ‘strlen’
../src/clase7.c:59:11: note: include ‘<string.h>’ or provide a declaration of ‘strlen’
../src/clase7.c:62:5: warning: implicit declaration of function ‘strncpy’ [-Wimplicit-function-declaration]
     strncpy(pResultado,buffer,maximo+1);
     ^~~~~~~
../src/clase7.c:62:5: warning: incompatible implicit declaration of built-in function ‘strncpy’
../src/clase7.c:62:5: note: include ‘<string.h>’ or provide a declaration of ‘strncpy’
src/subdir.mk:18: fallo en las instrucciones para el objetivo 'src/clase7.o'
make: *** [src/clase7.o] Error 1
"make all" terminated with exit code 2. Build might be incomplete.
19:17:07 **** Incremental Build of configuration Debug for project clase7 ****
make all 
Building file: ../src/clase7.c
Invoking: GCC C Compiler
gcc -O0 -g3 -Wall -c -fmessage-length=0 -MMD -MP -MF"src/clase7.d" -MT"src/clase7.o" -o "src/clase7.o" "../src/clase7.c"
../src/clase7.c:15:17: fatal error: utn.h: No existe el fichero o el directorio
 #include "utn.h"
                 ^
compilation terminated.
src/subdir.mk:18: fallo en las instrucciones para el objetivo 'src/clase7.o'
make: *** [src/clase7.o] Error 1
"make all" terminated with exit code 2. Build might be incomplete.
19:17:19 **** Incremental Build of configuration Debug for project clase7 ****
make all 
Building file: ../src/clase7.c
Invoking: GCC C Compiler
gcc -O0 -g3 -Wall -c -fmessage-length=0 -MMD -MP -MF"src/clase7.d" -MT"src/clase7.o" -o "src/clase7.o" "../src/clase7.c"
../src/clase7.c:15:17: fatal error: utn.h: No existe el fichero o el directorio
 #include "utn.h"
                 ^
compilation terminated.
src/subdir.mk:18: fallo en las instrucciones para el objetivo 'src/clase7.o'
make: *** [src/clase7.o] Error 1
"make all" terminated with exit code 2. Build might be incomplete.
19:18:19 **** Incremental Build of configuration Debug for project clase7 ****
make all 
Building file: ../src/clase7.c
Invoking: GCC C Compiler
gcc -O0 -g3 -Wall -c -fmessage-length=0 -MMD -MP -MF"src/clase7.d" -MT"src/clase7.o" -o "src/clase7.o" "../src/clase7.c"
Finished building: ../src/clase7.c
 
Building target: clase7
Invoking: GCC C Linker
gcc  -o "clase7"  ./src/clase7.o   
Finished building target: clase7
 
19:19:04 **** Incremental Build of configuration Debug for project clase7 ****
make all 
make: No se hace nada para 'all'.
19:19:15 **** Incremental Build of configuration Debug for project clase7 ****
make all 
make: No se hace nada para 'all'.
19:21:27 **** Incremental Build of configuration Debug for project clase7 ****
make all 
Building file: ../src/clase7.c
Invoking: GCC C Compiler
gcc -O0 -g3 -Wall -c -fmessage-length=0 -MMD -MP -MF"src/clase7.d" -MT"src/clase7.o" -o "src/clase7.o" "../src/clase7.c"
Finished building: ../src/clase7.c
 
Building target: clase7
Invoking: GCC C Linker
gcc  -o "clase7"  ./src/clase7.o   
Finished building target: clase7
 
19:52:02 **** Incremental Build of configuration Debug for project clase7 ****
make all 
Building file: ../src/clase7.c
Invoking: GCC C Compiler
gcc -O0 -g3 -Wall -c -fmessage-length=0 -MMD -MP -MF"src/clase7.d" -MT"src/clase7.o" -o "src/clase7.o" "../src/clase7.c"
../src/clase7.c: In function ‘main’:
../src/clase7.c:37:2: warning: implicit declaration of function ‘imprimirArrayString’ [-Wimplicit-function-declaration]
  imprimirArrayString(arrayNombres, 5)
  ^~~~~~~~~~~~~~~~~~~
../src/clase7.c:39:2: error: expected ‘;’ before ‘return’
src/subdir.mk:18: fallo en las instrucciones para el objetivo 'src/clase7.o'
  return EXIT_SUCCESS;
  ^~~~~~
../src/clase7.c: At top level:
../src/clase7.c:79:30: error: array type has incomplete element type ‘char[]’
 int imprimirArrayString(char aNombre[][], int cantidad){
                              ^~~~~~~
../src/clase7.c:79:30: note: declaration of ‘aNombre’ as multidimensional array must have bounds for all dimensions except the first
../src/clase7.c: In function ‘imprimirArrayString’:
../src/clase7.c:86:1: warning: control reaches end of non-void function [-Wreturn-type]
 }
 ^
make: *** [src/clase7.o] Error 1
"make all" terminated with exit code 2. Build might be incomplete.
19:52:54 **** Incremental Build of configuration Debug for project clase7 ****
make all 
Building file: ../src/clase7.c
Invoking: GCC C Compiler
gcc -O0 -g3 -Wall -c -fmessage-length=0 -MMD -MP -MF"src/clase7.d" -MT"src/clase7.o" -o "src/clase7.o" "../src/clase7.c"
../src/clase7.c:29:30: error: array type has incomplete element type ‘char[]’
 int imprimirArrayString(char aNombre[][], int cantidad);
                              ^~~~~~~
../src/clase7.c:29:30: note: declaration of ‘aNombre’ as multidimensional array must have bounds for all dimensions except the first
../src/clase7.c: In function ‘main’:
../src/clase7.c:39:22: error: type of formal parameter 1 is incomplete
  imprimirArrayString(arrayNombres, 5)
                      ^~~~~~~~~~~~
src/subdir.mk:18: fallo en las instrucciones para el objetivo 'src/clase7.o'
../src/clase7.c:41:2: error: expected ‘;’ before ‘return’
  return EXIT_SUCCESS;
  ^~~~~~
../src/clase7.c: At top level:
../src/clase7.c:81:30: error: array type has incomplete element type ‘char[]’
 int imprimirArrayString(char aNombre[][], int cantidad){
                              ^~~~~~~
../src/clase7.c:81:30: note: declaration of ‘aNombre’ as multidimensional array must have bounds for all dimensions except the first
../src/clase7.c: In function ‘imprimirArrayString’:
../src/clase7.c:88:1: warning: control reaches end of non-void function [-Wreturn-type]
 }
 ^
make: *** [src/clase7.o] Error 1
"make all" terminated with exit code 2. Build might be incomplete.
19:53:42 **** Incremental Build of configuration Debug for project clase7 ****
make all 
Building file: ../src/clase7.c
Invoking: GCC C Compiler
gcc -O0 -g3 -Wall -c -fmessage-length=0 -MMD -MP -MF"src/clase7.d" -MT"src/clase7.o" -o "src/clase7.o" "../src/clase7.c"
../src/clase7.c:29:30: error: array type has incomplete element type ‘char[]’
 int imprimirArrayString(char aNombre[][], int cantidad);
                              ^~~~~~~
../src/clase7.c:29:30: note: declaration of ‘aNombre’ as multidimensional array must have bounds for all dimensions except the first
../src/clase7.c: In function ‘main’:
../src/clase7.c:39:22: error: type of formal parameter 1 is incomplete
src/subdir.mk:18: fallo en las instrucciones para el objetivo 'src/clase7.o'
  imprimirArrayString(arrayNombres, 5)
                      ^~~~~~~~~~~~
../src/clase7.c:41:2: error: expected ‘;’ before ‘return’
  return EXIT_SUCCESS;
  ^~~~~~
../src/clase7.c: At top level:
../src/clase7.c:81:30: error: array type has incomplete element type ‘char[]’
 int imprimirArrayString(char aNombre[][], int cantidad){
                              ^~~~~~~
../src/clase7.c:81:30: note: declaration of ‘aNombre’ as multidimensional array must have bounds for all dimensions except the first
../src/clase7.c: In function ‘imprimirArrayString’:
../src/clase7.c:88:1: warning: control reaches end of non-void function [-Wreturn-type]
 }
 ^
make: *** [src/clase7.o] Error 1
"make all" terminated with exit code 2. Build might be incomplete.
19:55:53 **** Incremental Build of configuration Debug for project clase7 ****
make all 
Building file: ../src/clase7.c
Invoking: GCC C Compiler
gcc -O0 -g3 -Wall -c -fmessage-length=0 -MMD -MP -MF"src/clase7.d" -MT"src/clase7.o" -o "src/clase7.o" "../src/clase7.c"
../src/clase7.c:29:31: error: array type has incomplete element type ‘char[]’
 void imprimirArrayString(char aNombre[][], int cantidad);
                               ^~~~~~~
../src/clase7.c:29:31: note: declaration of ‘aNombre’ as multidimensional array must have bounds for all dimensions except the first
../src/clase7.c: In function ‘main’:
../src/clase7.c:39:22: error: type of formal parameter 1 is incomplete
  imprimirArrayString(arrayNombres, 5);
                      ^~~~~~~~~~~~
../src/clase7.c: At top level:
src/subdir.mk:18: fallo en las instrucciones para el objetivo 'src/clase7.o'
../src/clase7.c:81:31: error: array type has incomplete element type ‘char[]’
 void imprimirArrayString(char aNombre[][], int cantidad){
                               ^~~~~~~
../src/clase7.c:81:31: note: declaration of ‘aNombre’ as multidimensional array must have bounds for all dimensions except the first
make: *** [src/clase7.o] Error 1
"make all" terminated with exit code 2. Build might be incomplete.
19:59:08 **** Incremental Build of configuration Debug for project clase7 ****
make all 
Building file: ../src/clase7.c
Invoking: GCC C Compiler
gcc -O0 -g3 -Wall -c -fmessage-length=0 -MMD -MP -MF"src/clase7.d" -MT"src/clase7.o" -o "src/clase7.o" "../src/clase7.c"
../src/clase7.c:29:31: error: array type has incomplete element type ‘char[]’
 void imprimirArrayString(char aNombre[][], int cantidad);
                               ^~~~~~~
../src/clase7.c:29:31: note: declaration of ‘aNombre’ as multidimensional array must have bounds for all dimensions except the first
../src/clase7.c:81:31: error: array type has incomplete element type ‘char[]’
 void imprimirArrayString(char aNombre[][], int cantidad){
src/subdir.mk:18: fallo en las instrucciones para el objetivo 'src/clase7.o'
                               ^~~~~~~
../src/clase7.c:81:31: note: declaration of ‘aNombre’ as multidimensional array must have bounds for all dimensions except the first
make: *** [src/clase7.o] Error 1
"make all" terminated with exit code 2. Build might be incomplete.
20:10:01 **** Incremental Build of configuration Debug for project clase7 ****
make all 
Building file: ../src/clase7.c
Invoking: GCC C Compiler
gcc -O0 -g3 -Wall -c -fmessage-length=0 -MMD -MP -MF"src/clase7.d" -MT"src/clase7.o" -o "src/clase7.o" "../src/clase7.c"
Finished building: ../src/clase7.c
 
Building target: clase7
Invoking: GCC C Linker
gcc  -o "clase7"  ./src/clase7.o   
Finished building target: clase7
 
20:11:42 **** Incremental Build of configuration Debug for project clase7 ****
make all 
make: No se hace nada para 'all'.
20:12:37 **** Incremental Build of configuration Debug for project clase7 ****
make all 
Building file: ../src/clase7.c
Invoking: GCC C Compiler
gcc -O0 -g3 -Wall -c -fmessage-length=0 -MMD -MP -MF"src/clase7.d" -MT"src/clase7.o" -o "src/clase7.o" "../src/clase7.c"
../src/clase7.c: In function ‘main’:
../src/clase7.c:39:22: warning: passing argument 1 of ‘imprimirArrayString’ from incompatible pointer type [-Wincompatible-pointer-types]
  imprimirArrayString(arrayNombres, 5);
                      ^~~~~~~~~~~~
../src/clase7.c:29:6: note: expected ‘const char **’ but argument is of type ‘char (*)[50]’
 void imprimirArrayString(const char **aNombre, int cantidad);
      ^~~~~~~~~~~~~~~~~~~
Finished building: ../src/clase7.c
 
Building target: clase7
Invoking: GCC C Linker
gcc  -o "clase7"  ./src/clase7.o   
Finished building target: clase7
 
20:16:20 **** Incremental Build of configuration Debug for project clase7 ****
make all 
Building file: ../src/clase7.c
Invoking: GCC C Compiler
gcc -O0 -g3 -Wall -c -fmessage-length=0 -MMD -MP -MF"src/clase7.d" -MT"src/clase7.o" -o "src/clase7.o" "../src/clase7.c"
../src/clase7.c: In function ‘main’:
../src/clase7.c:39:22: warning: passing argument 1 of ‘imprimirArrayString’ from incompatible pointer type [-Wincompatible-pointer-types]
  imprimirArrayString(arrayNombres, 5);
                      ^~~~~~~~~~~~
../src/clase7.c:29:6: note: expected ‘char **’ but argument is of type ‘char (*)[50]’
 void imprimirArrayString(char *aNombre[50], int cantidad);
      ^~~~~~~~~~~~~~~~~~~
Finished building: ../src/clase7.c
 
Building target: clase7
Invoking: GCC C Linker
gcc  -o "clase7"  ./src/clase7.o   
Finished building target: clase7
 
20:18:23 **** Incremental Build of configuration Debug for project clase7 ****
make all 
Building file: ../src/clase7.c
Invoking: GCC C Compiler
gcc -O0 -g3 -Wall -c -fmessage-length=0 -MMD -MP -MF"src/clase7.d" -MT"src/clase7.o" -o "src/clase7.o" "../src/clase7.c"
Finished building: ../src/clase7.c
 
Building target: clase7
Invoking: GCC C Linker
gcc  -o "clase7"  ./src/clase7.o   
Finished building target: clase7
 
21:09:10 **** Incremental Build of configuration Debug for project clase7 ****
make all 
Building file: ../src/clase7.c
Invoking: GCC C Compiler
gcc -O0 -g3 -Wall -c -fmessage-length=0 -MMD -MP -MF"src/clase7.d" -MT"src/clase7.o" -o "src/clase7.o" "../src/clase7.c"
../src/clase7.c: In function ‘imprimirArrayString’:
../src/clase7.c:86:2: error: expected ‘,’ or ‘;’ before ‘if’
  if(array!=NULL && cantidad > 0){
  ^~
../src/clase7.c:84:6: warning: unused variable ‘i’ [-Wunused-variable]
  int i;
      ^
make: *** [src/clase7.o] Error 1
src/subdir.mk:18: fallo en las instrucciones para el objetivo 'src/clase7.o'
"make all" terminated with exit code 2. Build might be incomplete.
21:11:41 **** Incremental Build of configuration Debug for project clase7 ****
make all 
Building file: ../src/clase7.c
Invoking: GCC C Compiler
gcc -O0 -g3 -Wall -c -fmessage-length=0 -MMD -MP -MF"src/clase7.d" -MT"src/clase7.o" -o "src/clase7.o" "../src/clase7.c"
Finished building: ../src/clase7.c
 
Building target: clase7
Invoking: GCC C Linker
gcc  -o "clase7"  ./src/clase7.o   
Finished building target: clase7
 
21:11:47 **** Incremental Build of configuration Debug for project clase7 ****
make all 
make: No se hace nada para 'all'.
21:15:32 **** Incremental Build of configuration Debug for project clase7 ****
make all 
Building file: ../src/clase7.c
Invoking: GCC C Compiler
gcc -O0 -g3 -Wall -c -fmessage-length=0 -MMD -MP -MF"src/clase7.d" -MT"src/clase7.o" -o "src/clase7.o" "../src/clase7.c"
../src/clase7.c: In function ‘main’:
../src/clase7.c:40:2: warning: implicit declaration of function ‘insercionString’ [-Wimplicit-function-declaration]
  insercionString(arrayNombres, 5);
  ^~~~~~~~~~~~~~~
../src/clase7.c: At top level:
../src/clase7.c:97:6: warning: conflicting types for ‘insercionString’
 void insercionString(char array[][QTY_CHARS], int limite){
      ^~~~~~~~~~~~~~~
../src/clase7.c:40:2: note: previous implicit declaration of ‘insercionString’ was here
  insercionString(arrayNombres, 5);
  ^~~~~~~~~~~~~~~
Finished building: ../src/clase7.c
 
Building target: clase7
Invoking: GCC C Linker
gcc  -o "clase7"  ./src/clase7.o   
Finished building target: clase7
 
21:17:00 **** Incremental Build of configuration Debug for project clase7 ****
make all 
Building file: ../src/clase7.c
Invoking: GCC C Compiler
gcc -O0 -g3 -Wall -c -fmessage-length=0 -MMD -MP -MF"src/clase7.d" -MT"src/clase7.o" -o "src/clase7.o" "../src/clase7.c"
../src/clase7.c: In function ‘main’:
../src/clase7.c:40:2: warning: implicit declaration of function ‘insercionString’ [-Wimplicit-function-declaration]
  insercionString(arrayNombres, 5);
  ^~~~~~~~~~~~~~~
../src/clase7.c: At top level:
../src/clase7.c:97:6: warning: conflicting types for ‘insercionString’
 void insercionString(char array[][QTY_CHARS], int limite){
      ^~~~~~~~~~~~~~~
../src/clase7.c:40:2: note: previous implicit declaration of ‘insercionString’ was here
  insercionString(arrayNombres, 5);
  ^~~~~~~~~~~~~~~
Finished building: ../src/clase7.c
 
Building target: clase7
Invoking: GCC C Linker
gcc  -o "clase7"  ./src/clase7.o   
Finished building target: clase7
 
21:35:29 **** Incremental Build of configuration Debug for project clase7 ****
make all 
Building file: ../src/clase7.c
Invoking: GCC C Compiler
gcc -O0 -g3 -Wall -c -fmessage-length=0 -MMD -MP -MF"src/clase7.d" -MT"src/clase7.o" -o "src/clase7.o" "../src/clase7.c"
../src/clase7.c:99:6: error: conflicting types for ‘insercionString’
 void insercionString(char array[][QTY_CHARS], int limite){
      ^~~~~~~~~~~~~~~
../src/clase7.c:33:5: note: previous declaration of ‘insercionString’ was here
 int insercionString(char array[][QTY_CHARS], int limite);
     ^~~~~~~~~~~~~~~
src/subdir.mk:18: fallo en las instrucciones para el objetivo 'src/clase7.o'
make: *** [src/clase7.o] Error 1
"make all" terminated with exit code 2. Build might be incomplete.
21:38:23 **** Incremental Build of configuration Debug for project clase7 ****
make all 
Building file: ../src/clase7.c
Invoking: GCC C Compiler
gcc -O0 -g3 -Wall -c -fmessage-length=0 -MMD -MP -MF"src/clase7.d" -MT"src/clase7.o" -o "src/clase7.o" "../src/clase7.c"
Finished building: ../src/clase7.c
 
Building target: clase7
Invoking: GCC C Linker
gcc  -o "clase7"  ./src/clase7.o   
Finished building target: clase7
 
00:39:31 **** Build of configuration Debug for project clase7 ****
make all 
Building file: ../src/clase7.c
Invoking: GCC C Compiler
gcc -O0 -g3 -Wall -c -fmessage-length=0 -MMD -MP -MF"src/clase7.d" -MT"src/clase7.d" -o "src/clase7.o" "../src/clase7.c"
../src/clase7.c: In function ‘main’:
../src/clase7.c:110:3: warning: passing argument 1 of ‘getInt’ from incompatible pointer type [enabled by default]
   getInt(&arrayDni[i], "Ingrese el dni", "Error", 0, 99999999, 2);
   ^
../src/clase7.c:35:5: note: expected ‘int *’ but argument is of type ‘char *’
 int getInt( int *pResultado,
     ^
../src/clase7.c:113:2: warning: implicit declaration of function ‘insercionStringInt’ [-Wimplicit-function-declaration]
  insercionStringInt(arrayNombres, QTY_NOMBRES, arrayDni );
  ^
../src/clase7.c:114:2: warning: implicit declaration of function ‘imprimirArrayStringInt’ [-Wimplicit-function-declaration]
  imprimirArrayStringInt(arrayNombres, QTY_NOMBRES, arrayDni);
  ^
Finished building: ../src/clase7.c
 
Building target: clase7
Invoking: GCC C Linker
gcc  -o "clase7"  ./src/clase7.o   
./src/clase7.o: In function `main':
/home/gabriel/programacion1clases/Programacion1/clase7/Debug/../src/clase7.c:113: undefined reference to `insercionStringInt'
/home/gabriel/programacion1clases/Programacion1/clase7/Debug/../src/clase7.c:114: undefined reference to `imprimirArrayStringInt'
collect2: error: ld returned 1 exit status
make: *** [clase7] Error 1
00:58:50 **** Incremental Build of configuration Debug for project clase7 ****
make all 
Building file: ../src/clase7.c
Invoking: GCC C Compiler
gcc -O0 -g3 -Wall -c -fmessage-length=0 -MMD -MP -MF"src/clase7.d" -MT"src/clase7.d" -o "src/clase7.o" "../src/clase7.c"
../src/clase7.c: In function ‘main’:
../src/clase7.c:110:3: warning: passing argument 1 of ‘getInt’ from incompatible pointer type [enabled by default]
   getInt(&arrayDni[i], "Ingrese el dni", "Error", 0, 99999999, 2);
   ^
../src/clase7.c:35:5: note: expected ‘int *’ but argument is of type ‘char *’
 int getInt( int *pResultado,
     ^
Finished building: ../src/clase7.c
 
Building target: clase7
Invoking: GCC C Linker
gcc  -o "clase7"  ./src/clase7.o   
Finished building target: clase7
 
01:17:28 **** Incremental Build of configuration Debug for project clase7 ****
make all 
Building file: ../src/clase7.c
Invoking: GCC C Compiler
gcc -O0 -g3 -Wall -c -fmessage-length=0 -MMD -MP -MF"src/clase7.d" -MT"src/clase7.d" -o "src/clase7.o" "../src/clase7.c"
../src/clase7.c: In function ‘main’:
../src/clase7.c:114:3: warning: passing argument 1 of ‘getInt’ from incompatible pointer type [enabled by default]
   getInt(&arrayDni[i], "Ingrese el dni", "Error", 0, 99999999, 2);
   ^
../src/clase7.c:39:5: note: expected ‘int *’ but argument is of type ‘char *’
 int getInt( int *pResultado,
     ^
../src/clase7.c:118:2: warning: passing argument 3 of ‘imprimirArrayStringInt’ from incompatible pointer type [enabled by default]
  imprimirArrayStringInt(arrayNombres, QTY_NOMBRES, arrayDni);
  ^
../src/clase7.c:36:5: note: expected ‘int *’ but argument is of type ‘char *’
 int imprimirArrayStringInt(char array[][QTY_CHARS], int cantidad, int arrayInt[]);
     ^
Finished building: ../src/clase7.c
 
Building target: clase7
Invoking: GCC C Linker
gcc  -o "clase7"  ./src/clase7.o   
Finished building target: clase7
 
01:17:50 **** Incremental Build of configuration Debug for project clase7 ****
make all 
make: Nothing to be done for `all'.
01:37:30 **** Incremental Build of configuration Debug for project clase7 ****
make all 
Building file: ../src/clase7.c
Invoking: GCC C Compiler
gcc -O0 -g3 -Wall -c -fmessage-length=0 -MMD -MP -MF"src/clase7.d" -MT"src/clase7.d" -o "src/clase7.o" "../src/clase7.c"
../src/clase7.c: In function ‘getLong’:
../src/clase7.c:58:4: warning: format ‘%d’ expects argument of type ‘int *’, but argument 2 has type ‘long int *’ [-Wformat=]
    if(scanf("%d",&buffer)==1)
    ^
../src/clase7.c: In function ‘main’:
../src/clase7.c:153:2: warning: implicit declaration of function ‘imprimirArrayStringInt’ [-Wimplicit-function-declaration]
  imprimirArrayStringInt(arrayNombres, QTY_NOMBRES, arrayDni);
  ^
Finished building: ../src/clase7.c
 
Building target: clase7
Invoking: GCC C Linker
gcc  -o "clase7"  ./src/clase7.o   
./src/clase7.o: In function `main':
/home/gabriel/programacion1clases/Programacion1/clase7/Debug/../src/clase7.c:153: undefined reference to `imprimirArrayStringInt'
collect2: error: ld returned 1 exit status
make: *** [clase7] Error 1
01:38:45 **** Incremental Build of configuration Debug for project clase7 ****
make all 
Building target: clase7
Invoking: GCC C Linker
gcc  -o "clase7"  ./src/clase7.o   
./src/clase7.o: In function `main':
/home/gabriel/programacion1clases/Programacion1/clase7/Debug/../src/clase7.c:153: undefined reference to `imprimirArrayStringInt'
collect2: error: ld returned 1 exit status
make: *** [clase7] Error 1
01:40:32 **** Incremental Build of configuration Debug for project clase7 ****
make all 
Building file: ../src/clase7.c
Invoking: GCC C Compiler
gcc -O0 -g3 -Wall -c -fmessage-length=0 -MMD -MP -MF"src/clase7.d" -MT"src/clase7.d" -o "src/clase7.o" "../src/clase7.c"
../src/clase7.c: In function ‘getLong’:
../src/clase7.c:58:4: warning: format ‘%d’ expects argument of type ‘int *’, but argument 2 has type ‘long int *’ [-Wformat=]
    if(scanf("%d",&buffer)==1)
    ^
../src/clase7.c: In function ‘main’:
../src/clase7.c:153:2: warning: implicit declaration of function ‘imprimirArrayStringInt’ [-Wimplicit-function-declaration]
  imprimirArrayStringInt(arrayNombres, QTY_NOMBRES, arrayDni);
  ^
../src/clase7.c: At top level:
../src/clase7.c:161:5: error: conflicting types for ‘imprimirArrayStringLong’
 int imprimirArrayStringLong(char array[][QTY_CHARS], int cantidad, int arrayLong[]){
     ^
../src/clase7.c:36:5: note: previous declaration of ‘imprimirArrayStringLong’ was here
 int imprimirArrayStringLong(char array[][QTY_CHARS], int cantidad, long arrayLong[]);
     ^
make: *** [src/clase7.o] Error 1
01:40:57 **** Incremental Build of configuration Debug for project clase7 ****
make all 
Building file: ../src/clase7.c
Invoking: GCC C Compiler
gcc -O0 -g3 -Wall -c -fmessage-length=0 -MMD -MP -MF"src/clase7.d" -MT"src/clase7.d" -o "src/clase7.o" "../src/clase7.c"
../src/clase7.c: In function ‘getLong’:
../src/clase7.c:58:4: warning: format ‘%d’ expects argument of type ‘int *’, but argument 2 has type ‘long int *’ [-Wformat=]
    if(scanf("%d",&buffer)==1)
    ^
../src/clase7.c: In function ‘main’:
../src/clase7.c:153:2: warning: implicit declaration of function ‘imprimirArrayStringInt’ [-Wimplicit-function-declaration]
  imprimirArrayStringInt(arrayNombres, QTY_NOMBRES, arrayDni);
  ^
Finished building: ../src/clase7.c
 
Building target: clase7
Invoking: GCC C Linker
gcc  -o "clase7"  ./src/clase7.o   
./src/clase7.o: In function `main':
/home/gabriel/programacion1clases/Programacion1/clase7/Debug/../src/clase7.c:153: undefined reference to `imprimirArrayStringInt'
collect2: error: ld returned 1 exit status
make: *** [clase7] Error 1
01:42:13 **** Incremental Build of configuration Debug for project clase7 ****
make all 
Building file: ../src/clase7.c
Invoking: GCC C Compiler
gcc -O0 -g3 -Wall -c -fmessage-length=0 -MMD -MP -MF"src/clase7.d" -MT"src/clase7.d" -o "src/clase7.o" "../src/clase7.c"
../src/clase7.c: In function ‘getLong’:
../src/clase7.c:58:4: warning: format ‘%d’ expects argument of type ‘int *’, but argument 2 has type ‘long int *’ [-Wformat=]
    if(scanf("%d",&buffer)==1)
    ^
Finished building: ../src/clase7.c
 
Building target: clase7
Invoking: GCC C Linker
gcc  -o "clase7"  ./src/clase7.o   
Finished building target: clase7
 
01:42:24 **** Incremental Build of configuration Debug for project clase7 ****
make all 
make: Nothing to be done for `all'.
17:31:27 **** Incremental Build of configuration Debug for project clase7 ****
make all 
Building file: ../src/clase7.c
Invoking: GCC C Compiler
gcc -O0 -g3 -Wall -c -fmessage-length=0 -MMD -MP -MF"src/clase7.d" -MT"src/clase7.d" -o "src/clase7.o" "../src/clase7.c"
../src/clase7.c: In function ‘getLong’:
../src/clase7.c:59:4: warning: format ‘%d’ expects argument of type ‘int *’, but argument 2 has type ‘long int *’ [-Wformat=]
    if(scanf("%d",&buffer)==1)
    ^
../src/clase7.c: In function ‘main’:
../src/clase7.c:153:2: warning: passing argument 3 of ‘insercionStringInt’ makes integer from pointer without a cast [enabled by default]
  insercionStringInt(arrayNombres, QTY_NOMBRES, arrayDni );
  ^
../src/clase7.c:38:6: note: expected ‘int’ but argument is of type ‘int *’
 void insercionStringInt(char array[][QTY_CHARS], int limite, int arrayInt);
      ^
../src/clase7.c: At top level:
../src/clase7.c:213:6: error: conflicting types for ‘insercionStringInt’
 void insercionStringInt(char array[][QTY_CHARS], int limite, int arrayInt[]){
      ^
../src/clase7.c:38:6: note: previous declaration of ‘insercionStringInt’ was here
 void insercionStringInt(char array[][QTY_CHARS], int limite, int arrayInt);
      ^
make: *** [src/clase7.o] Error 1
17:32:41 **** Incremental Build of configuration Debug for project clase7 ****
make all 
Building file: ../src/clase7.c
Invoking: GCC C Compiler
gcc -O0 -g3 -Wall -c -fmessage-length=0 -MMD -MP -MF"src/clase7.d" -MT"src/clase7.d" -o "src/clase7.o" "../src/clase7.c"
../src/clase7.c: In function ‘getLong’:
../src/clase7.c:59:4: warning: format ‘%d’ expects argument of type ‘int *’, but argument 2 has type ‘long int *’ [-Wformat=]
    if(scanf("%d",&buffer)==1)
    ^
Finished building: ../src/clase7.c
 
Building target: clase7
Invoking: GCC C Linker
gcc  -o "clase7"  ./src/clase7.o   
./src/clase7.o: In function `main':
/home/gabriel/programacion1clases/Programacion1/clase7/Debug/../src/clase7.c:154: undefined reference to `imprimirArrayStringInt'
collect2: error: ld returned 1 exit status
make: *** [clase7] Error 1
17:33:44 **** Incremental Build of configuration Debug for project clase7 ****
make all 
Building file: ../src/clase7.c
Invoking: GCC C Compiler
gcc -O0 -g3 -Wall -c -fmessage-length=0 -MMD -MP -MF"src/clase7.d" -MT"src/clase7.d" -o "src/clase7.o" "../src/clase7.c"
Finished building: ../src/clase7.c
 
Building target: clase7
Invoking: GCC C Linker
gcc  -o "clase7"  ./src/clase7.o   
./src/clase7.o: In function `main':
/home/gabriel/programacion1clases/Programacion1/clase7/Debug/../src/clase7.c:154: undefined reference to `imprimirArrayStringInt'
collect2: error: ld returned 1 exit status
make: *** [clase7] Error 1
17:36:13 **** Incremental Build of configuration Debug for project clase7 ****
make all 
Building file: ../src/clase7.c
Invoking: GCC C Compiler
gcc -O0 -g3 -Wall -c -fmessage-length=0 -MMD -MP -MF"src/clase7.d" -MT"src/clase7.d" -o "src/clase7.o" "../src/clase7.c"
Finished building: ../src/clase7.c
 
Building target: clase7
Invoking: GCC C Linker
gcc  -o "clase7"  ./src/clase7.o   
Finished building target: clase7
 
17:36:22 **** Incremental Build of configuration Debug for project clase7 ****
make all 
make: Nothing to be done for `all'.
17:37:25 **** Incremental Build of configuration Debug for project clase7 ****
make all 
make: Nothing to be done for `all'.
17:38:33 **** Incremental Build of configuration Debug for project clase7 ****
make all 
Building file: ../src/clase7.c
Invoking: GCC C Compiler
gcc -O0 -g3 -Wall -c -fmessage-length=0 -MMD -MP -MF"src/clase7.d" -MT"src/clase7.d" -o "src/clase7.o" "../src/clase7.c"
Finished building: ../src/clase7.c
 
Building target: clase7
Invoking: GCC C Linker
gcc  -o "clase7"  ./src/clase7.o   
Finished building target: clase7
 
17:38:42 **** Incremental Build of configuration Debug for project clase7 ****
make all 
make: Nothing to be done for `all'.
21:06:08 **** Build of configuration Debug for project clase7 ****
make all 
Building file: ../src/clase7.c
Invoking: GCC C Compiler
gcc -O0 -g3 -Wall -c -fmessage-length=0 -MMD -MP -MF"src/clase7.d" -MT"src/clase7.o" -o "src/clase7.o" "../src/clase7.c"
Finished building: ../src/clase7.c
 
Building target: clase7
Invoking: GCC C Linker
gcc  -o "clase7"  ./src/clase7.o   
Finished building target: clase7
 
21:06:09 **** Build of configuration Debug for project clase8 ****
make all 
Building file: ../src/clase8.c
Invoking: GCC C Compiler
gcc -O0 -g3 -Wall -c -fmessage-length=0 -MMD -MP -MF"src/clase8.d" -MT"src/clase8.o" -o "src/clase8.o" "../src/clase8.c"
Finished building: ../src/clase8.c
 
Building file: ../src/utn.c
Invoking: GCC C Compiler
gcc -O0 -g3 -Wall -c -fmessage-length=0 -MMD -MP -MF"src/utn.d" -MT"src/utn.o" -o "src/utn.o" "../src/utn.c"
Finished building: ../src/utn.c
 
Building target: clase8
Invoking: GCC C Linker
gcc  -o "clase8"  ./src/clase8.o ./src/utn.o   
Finished building target: clase8
 
21:06:17 **** Incremental Build of configuration Debug for project clase8 ****
make all 
make: No se hace nada para 'all'.
21:08:40 **** Incremental Build of configuration Debug for project clase7 ****
make all 
make: No se hace nada para 'all'.
21:08:41 **** Incremental Build of configuration Debug for project clase8 ****
make all 
Building file: ../src/clase8.c
Invoking: GCC C Compiler
gcc -O0 -g3 -Wall -c -fmessage-length=0 -MMD -MP -MF"src/clase8.d" -MT"src/clase8.o" -o "src/clase8.o" "../src/clase8.c"
Finished building: ../src/clase8.c
 
Building target: clase8
Invoking: GCC C Linker
gcc  -o "clase8"  ./src/clase8.o ./src/utn.o   
Finished building target: clase8
 
21:08:45 **** Incremental Build of configuration Debug for project clase8 ****
make all 
make: No se hace nada para 'all'.
21:14:15 **** Incremental Build of configuration Debug for project clase7 ****
make all 
make: No se hace nada para 'all'.
21:14:16 **** Incremental Build of configuration Debug for project clase8 ****
make all 
make: No se hace nada para 'all'.
21:14:20 **** Incremental Build of configuration Debug for project clase8 ****
make all 
Building file: ../src/clase8.c
Invoking: GCC C Compiler
gcc -O0 -g3 -Wall -c -fmessage-length=0 -MMD -MP -MF"src/clase8.d" -MT"src/clase8.o" -o "src/clase8.o" "../src/clase8.c"
Finished building: ../src/clase8.c
 
Building target: clase8
Invoking: GCC C Linker
gcc  -o "clase8"  ./src/clase8.o ./src/utn.o   
Finished building target: clase8
 
21:38:39 **** Incremental Build of configuration Debug for project clase7 ****
make all 
make: No se hace nada para 'all'.
21:38:39 **** Incremental Build of configuration Debug for project clase8 ****
make all 
Building file: ../src/clase8.c
Invoking: GCC C Compiler
gcc -O0 -g3 -Wall -c -fmessage-length=0 -MMD -MP -MF"src/clase8.d" -MT"src/clase8.o" -o "src/clase8.o" "../src/clase8.c"
Finished building: ../src/clase8.c
 
Building target: clase8
Invoking: GCC C Linker
gcc  -o "clase8"  ./src/clase8.o ./src/utn.o   
Finished building target: clase8
 
21:38:43 **** Incremental Build of configuration Debug for project clase8 ****
make all 
make: No se hace nada para 'all'.
21:39:57 **** Incremental Build of configuration Debug for project clase8 ****
make all 
make: No se hace nada para 'all'.
21:40:31 **** Incremental Build of configuration Debug for project clase8 ****
make all 
Building file: ../src/clase8.c
Invoking: GCC C Compiler
gcc -O0 -g3 -Wall -c -fmessage-length=0 -MMD -MP -MF"src/clase8.d" -MT"src/clase8.o" -o "src/clase8.o" "../src/clase8.c"
Finished building: ../src/clase8.c
 
Building target: clase8
Invoking: GCC C Linker
gcc  -o "clase8"  ./src/clase8.o ./src/utn.o   
Finished building target: clase8
 
00:51:52 **** Build of configuration Debug for project clase8 ****
make all 
Building file: ../src/clase8.c
Invoking: GCC C Compiler
gcc -O0 -g3 -Wall -c -fmessage-length=0 -MMD -MP -MF"src/clase8.d" -MT"src/clase8.d" -o "src/clase8.o" "../src/clase8.c"
../src/clase8.c: In function ‘main’:
../src/clase8.c:31:19: error: array type has incomplete element type
  struct sEmpleado aEmpleados[1000];
                   ^
../src/clase8.c:32:19: error: storage size of ‘bEmpleado’ isn’t known
  struct sEmpleado bEmpleado;
                   ^
../src/clase8.c:51:2: warning: implicit declaration of function ‘ordenarArrayEmpleados’ [-Wimplicit-function-declaration]
  ordenarArrayEmpleados(aEmpleados, 3, 0);
  ^
../src/clase8.c:52:2: warning: implicit declaration of function ‘imprimirArrayEmpleados’ [-Wimplicit-function-declaration]
  imprimirArrayEmpleados(aEmpleados, 3);
  ^
../src/clase8.c:32:19: warning: unused variable ‘bEmpleado’ [-Wunused-variable]
  struct sEmpleado bEmpleado;
                   ^
../src/clase8.c:31:19: warning: unused variable ‘aEmpleados’ [-Wunused-variable]
  struct sEmpleado aEmpleados[1000];
                   ^
make: *** [src/clase8.o] Error 1
01:04:11 **** Incremental Build of configuration Debug for project clase8 ****
make all 
Building file: ../src/clase8.c
Invoking: GCC C Compiler
gcc -O0 -g3 -Wall -c -fmessage-length=0 -MMD -MP -MF"src/clase8.d" -MT"src/clase8.d" -o "src/clase8.o" "../src/clase8.c"
Finished building: ../src/clase8.c
 
Building file: ../src/empleado.c
Invoking: GCC C Compiler
gcc -O0 -g3 -Wall -c -fmessage-length=0 -MMD -MP -MF"src/empleado.d" -MT"src/empleado.d" -o "src/empleado.o" "../src/empleado.c"
../src/empleado.c: In function ‘ordenarArrayEmpleados’:
../src/empleado.c:39:6: warning: implicit declaration of function ‘strncmp’ [-Wimplicit-function-declaration]
      if(strncmp(aEmpleados[i].apellido,aEmpleados[i+1].apellido,QTY_CARACTERES)>0)
      ^
Finished building: ../src/empleado.c
 
Building file: ../src/utn.c
Invoking: GCC C Compiler
gcc -O0 -g3 -Wall -c -fmessage-length=0 -MMD -MP -MF"src/utn.d" -MT"src/utn.d" -o "src/utn.o" "../src/utn.c"
Finished building: ../src/utn.c
 
Building target: clase8
Invoking: GCC C Linker
gcc  -o "clase8"  ./src/clase8.o ./src/empleado.o ./src/utn.o   
Finished building target: clase8
 
01:04:35 **** Incremental Build of configuration Debug for project clase8 ****
make all 
Building file: ../src/clase8.c
Invoking: GCC C Compiler
gcc -O0 -g3 -Wall -c -fmessage-length=0 -MMD -MP -MF"src/clase8.d" -MT"src/clase8.d" -o "src/clase8.o" "../src/clase8.c"
Finished building: ../src/clase8.c
 
Building file: ../src/empleado.c
Invoking: GCC C Compiler
gcc -O0 -g3 -Wall -c -fmessage-length=0 -MMD -MP -MF"src/empleado.d" -MT"src/empleado.d" -o "src/empleado.o" "../src/empleado.c"
../src/empleado.c: In function ‘ordenarArrayEmpleados’:
../src/empleado.c:39:6: warning: implicit declaration of function ‘strncmp’ [-Wimplicit-function-declaration]
      if(strncmp(aEmpleados[i].apellido,aEmpleados[i+1].apellido,QTY_CARACTERES)>0)
      ^
Finished building: ../src/empleado.c
 
Building target: clase8
Invoking: GCC C Linker
gcc  -o "clase8"  ./src/clase8.o ./src/empleado.o ./src/utn.o   
Finished building target: clase8
 
01:05:11 **** Incremental Build of configuration Debug for project clase8 ****
make all 
make: Nothing to be done for `all'.
01:16:58 **** Incremental Build of configuration Debug for project clase8 ****
make all 
Building file: ../src/empleado.c
Invoking: GCC C Compiler
gcc -O0 -g3 -Wall -c -fmessage-length=0 -MMD -MP -MF"src/empleado.d" -MT"src/empleado.d" -o "src/empleado.o" "../src/empleado.c"
../src/empleado.c: In function ‘ordenarArrayEmpleados’:
../src/empleado.c:39:6: warning: implicit declaration of function ‘strncmp’ [-Wimplicit-function-declaration]
      if(strncmp(aEmpleados[i].apellido,aEmpleados[i+1].apellido,QTY_CARACTERES)>0)
      ^
Finished building: ../src/empleado.c
 
Building target: clase8
Invoking: GCC C Linker
gcc  -o "clase8"  ./src/clase8.o ./src/empleado.o ./src/utn.o   
Finished building target: clase8
 
01:18:53 **** Incremental Build of configuration Debug for project clase8 ****
make all 
Building file: ../src/empleado.c
Invoking: GCC C Compiler
gcc -O0 -g3 -Wall -c -fmessage-length=0 -MMD -MP -MF"src/empleado.d" -MT"src/empleado.d" -o "src/empleado.o" "../src/empleado.c"
../src/empleado.c: In function ‘ordenarArrayEmpleados’:
../src/empleado.c:39:7: warning: implicit declaration of function ‘strncmp’ [-Wimplicit-function-declaration]
       (strncmp(aEmpleados[i].apellido,aEmpleados[i+1].apellido,QTY_CARACTERES)>0
       ^
Finished building: ../src/empleado.c
 
Building target: clase8
Invoking: GCC C Linker
gcc  -o "clase8"  ./src/clase8.o ./src/empleado.o ./src/utn.o   
Finished building target: clase8
 
01:19:02 **** Incremental Build of configuration Debug for project clase8 ****
make all 
make: Nothing to be done for `all'.
